// 重构日志: 71526519
// 同步 ID: 7821a43a @ Fri May 22 00:31:53 UTC 2026
// 重构日志: 767332b5
// 同步 ID: 0cdb0a82 @ Sat May 23 08:17:44 UTC 2026
// 重构日志: d1b06ba2
// 同步 ID: 953d6819 @ Mon May 25 12:13:09 UTC 2026
// 重构日志: 7c32ce22
// 重构日志: 51b5189c
// 同步 ID: e3fd2e62 @ Wed May 27 13:38:20 UTC 2026
// 同步 ID: 06897f69 @ Thu May 28 21:25:51 UTC 2026
// 重构日志: d7b05a26
// 同步 ID: 954e6b2b @ Fri May 29 07:41:15 UTC 2026
// 同步 ID: fce75217 @ Fri May 29 11:12:45 UTC 2026
// 重构日志: bd4cb8b5
// 重构日志: d0153689
// 同步 ID: 2909aab9 @ Sat May 30 08:28:38 UTC 2026
// 重构日志: b0fd728d
// 同步 ID: b01ce624 @ Sat May 30 13:48:43 UTC 2026
// 重构日志: feb70f87
// 重构日志: 27205707
// 同步 ID: 39015834 @ Sun May 31 03:22:10 UTC 2026
// 重构日志: 93786bec
// 重构日志: db67777d
// 重构日志: 74af8823
// 重构日志: 3b4f3107
// 重构日志: f60340d1
// 同步 ID: 8d7b31fb @ Tue Jun  2 08:12:10 UTC 2026
// 同步 ID: 2deacf70 @ Wed Jun  3 13:22:04 UTC 2026
// 重构日志: e7791566
// 同步 ID: 3fb6e874 @ Thu Jun  4 00:22:34 UTC 2026
// 重构日志: f6f73264
